Vivado Simulator 2019.1
Copyright 1986-1999, 2001-2019 Xilinx, Inc. All Rights Reserved.
Running: E:/Xilinx/Vivado/2019.1/bin/unwrapped/win64.o/xelab.exe -wto ce710014b3ae452284a61c5c7a964977 --incr --debug typical --relax --mt 2 -L xil_defaultlib -L secureip --snapshot tb_alarm_clock_behav xil_defaultlib.tb_alarm_clock -log elaborate.log 
Using 2 slave threads.
Starting static elaboration
Completed static elaboration
Starting simulation data flow analysis
Completed simulation data flow analysis
Time Resolution for simulation is 1ps
Compiling package std.standard
Compiling package std.textio
Compiling package ieee.std_logic_1164
Compiling package ieee.numeric_std
Compiling package ieee.std_logic_arith
Compiling package ieee.std_logic_unsigned
Compiling architecture behavioral of entity xil_defaultlib.clk_div [clk_div_default]
Compiling architecture behavioral of entity xil_defaultlib.bin2hex [bin2hex_default]
Compiling architecture behavioral of entity xil_defaultlib.digital_clock [digital_clock_default]
Compiling architecture behavior of entity xil_defaultlib.tb_alarm_clock
Built simulation snapshot tb_alarm_clock_behav
